   #Iter             <M>           <M^2>           <M^4>      U_{Binder}            \chi        C_v(tot)             <E>       <E_{exc}>       <E_{lsf}>
       1  9.92221447E-01  9.84503405E-01  9.69246978E-01  6.66666659E-01  1.24938626E-05  2.32144335E+00 -5.93664976E+00 -5.93664976E+00  0.00000000E+00
      11  9.92172264E-01  9.84405814E-01  9.69054853E-01  6.66666651E-01  2.49480877E-05  1.82903805E+00 -5.93652876E+00 -5.93652876E+00  0.00000000E+00
      21  9.92104889E-01  9.84272124E-01  9.68791666E-01  6.66666649E-01  2.73303096E-05  2.27045530E+00 -5.93646652E+00 -5.93646652E+00  0.00000000E+00
      31  9.92094673E-01  9.84251854E-01  9.68751771E-01  6.66666647E-01  3.10848302E-05  2.11785703E+00 -5.93650834E+00 -5.93650834E+00  0.00000000E+00
      41  9.92080012E-01  9.84222765E-01  9.68694503E-01  6.66666649E-01  2.82219150E-05  2.02049772E+00 -5.93652386E+00 -5.93652386E+00  0.00000000E+00
      51  9.92087473E-01  9.84237564E-01  9.68723625E-01  6.66666652E-01  2.28593223E-05  1.83654512E+00 -5.93646627E+00 -5.93646627E+00  0.00000000E+00
      61  9.92105153E-01  9.84272646E-01  9.68792684E-01  6.66666652E-01  2.31982145E-05  1.58632741E+00 -5.93647776E+00 -5.93647776E+00  0.00000000E+00
      71  9.92124654E-01  9.84311342E-01  9.68868869E-01  6.66666649E-01  2.77592853E-05  1.67890321E+00 -5.93645270E+00 -5.93645270E+00  0.00000000E+00
      81  9.92144463E-01  9.84350648E-01  9.68946250E-01  6.66666649E-01  2.78901160E-05  1.60747642E+00 -5.93647024E+00 -5.93647024E+00  0.00000000E+00
      91  9.92154499E-01  9.84370563E-01  9.68985454E-01  6.66666650E-01  2.63072456E-05  1.72408832E+00 -5.93647565E+00 -5.93647565E+00  0.00000000E+00
     101  9.92148664E-01  9.84358984E-01  9.68962658E-01  6.66666650E-01  2.57998101E-05  1.67641471E+00 -5.93647548E+00 -5.93647548E+00  0.00000000E+00
     111  9.92148479E-01  9.84358616E-01  9.68961933E-01  6.66666650E-01  2.58498601E-05  1.72900669E+00 -5.93645775E+00 -5.93645775E+00  0.00000000E+00
     121  9.92148249E-01  9.84358159E-01  9.68961030E-01  6.66666652E-01  2.33673513E-05  1.82886954E+00 -5.93648347E+00 -5.93648347E+00  0.00000000E+00
     131  9.92147651E-01  9.84356972E-01  9.68958690E-01  6.66666652E-01  2.26044886E-05  1.89895720E+00 -5.93650679E+00 -5.93650679E+00  0.00000000E+00
     141  9.92142816E-01  9.84347378E-01  9.68939801E-01  6.66666653E-01  2.18170633E-05  1.96924645E+00 -5.93649997E+00 -5.93649997E+00  0.00000000E+00
     151  9.92137792E-01  9.84337409E-01  9.68920176E-01  6.66666653E-01  2.18588517E-05  2.05252792E+00 -5.93652236E+00 -5.93652236E+00  0.00000000E+00
     161  9.92132972E-01  9.84327844E-01  9.68901343E-01  6.66666653E-01  2.07604385E-05  2.00200544E+00 -5.93653401E+00 -5.93653401E+00  0.00000000E+00
     171  9.92129600E-01  9.84321152E-01  9.68888169E-01  6.66666653E-01  2.05630564E-05  1.96915500E+00 -5.93652856E+00 -5.93652856E+00  0.00000000E+00
     181  9.92126341E-01  9.84314686E-01  9.68875438E-01  6.66666654E-01  1.94108125E-05  1.94007485E+00 -5.93651348E+00 -5.93651348E+00  0.00000000E+00
     191  9.92129556E-01  9.84321065E-01  9.68887996E-01  6.66666654E-01  1.95145088E-05  1.94460746E+00 -5.93653120E+00 -5.93653120E+00  0.00000000E+00
     201  9.92133724E-01  9.84329336E-01  9.68904277E-01  6.66666654E-01  1.90122739E-05  1.83476757E+00 -5.93653588E+00 -5.93653588E+00  0.00000000E+00
     211  9.92131926E-01  9.84325767E-01  9.68897250E-01  6.66666655E-01  1.82476863E-05  1.87470019E+00 -5.93652194E+00 -5.93652194E+00  0.00000000E+00
     221  9.92133039E-01  9.84327975E-01  9.68901594E-01  6.66666655E-01  1.74920676E-05  1.93660070E+00 -5.93653485E+00 -5.93653485E+00  0.00000000E+00
     231  9.92132601E-01  9.84327106E-01  9.68899883E-01  6.66666656E-01  1.69829852E-05  1.98324528E+00 -5.93652528E+00 -5.93652528E+00  0.00000000E+00
     241  9.92137684E-01  9.84337192E-01  9.68919742E-01  6.66666655E-01  1.76900713E-05  1.93195842E+00 -5.93651778E+00 -5.93651778E+00  0.00000000E+00
     251  9.92136330E-01  9.84334506E-01  9.68914454E-01  6.66666655E-01  1.78430636E-05  1.90868360E+00 -5.93651227E+00 -5.93651227E+00  0.00000000E+00
     261  9.92130411E-01  9.84322762E-01  9.68891335E-01  6.66666655E-01  1.88363414E-05  1.84650369E+00 -5.93650521E+00 -5.93650521E+00  0.00000000E+00
     271  9.92129977E-01  9.84321900E-01  9.68889637E-01  6.66666655E-01  1.81709855E-05  1.81072061E+00 -5.93651239E+00 -5.93651239E+00  0.00000000E+00
     281  9.92129338E-01  9.84320632E-01  9.68887140E-01  6.66666655E-01  1.79892243E-05  1.84388362E+00 -5.93651616E+00 -5.93651616E+00  0.00000000E+00
     291  9.92126656E-01  9.84315311E-01  9.68876664E-01  6.66666655E-01  1.78865104E-05  1.80988539E+00 -5.93653030E+00 -5.93653030E+00  0.00000000E+00
     301  9.92128369E-01  9.84318708E-01  9.68883352E-01  6.66666655E-01  1.74397053E-05  1.77841703E+00 -5.93652767E+00 -5.93652767E+00  0.00000000E+00
     311  9.92129671E-01  9.84321293E-01  9.68888440E-01  6.66666656E-01  1.73035821E-05  1.73137856E+00 -5.93652991E+00 -5.93652991E+00  0.00000000E+00
     321  9.92131968E-01  9.84325851E-01  9.68897413E-01  6.66666655E-01  1.74286977E-05  1.72438371E+00 -5.93653106E+00 -5.93653106E+00  0.00000000E+00
     331  9.92136338E-01  9.84334522E-01  9.68914483E-01  6.66666655E-01  1.74440601E-05  1.74053139E+00 -5.93653542E+00 -5.93653542E+00  0.00000000E+00
     341  9.92139030E-01  9.84339863E-01  9.68924999E-01  6.66666655E-01  1.75647606E-05  1.69845903E+00 -5.93652860E+00 -5.93652860E+00  0.00000000E+00
     351  9.92140219E-01  9.84342223E-01  9.68929644E-01  6.66666655E-01  1.74218092E-05  1.72524799E+00 -5.93653166E+00 -5.93653166E+00  0.00000000E+00
     361  9.92138001E-01  9.84337821E-01  9.68920978E-01  6.66666656E-01  1.70625701E-05  1.74621373E+00 -5.93652730E+00 -5.93652730E+00  0.00000000E+00
     371  9.92134169E-01  9.84330218E-01  9.68906011E-01  6.66666655E-01  1.78303496E-05  1.76386845E+00 -5.93652063E+00 -5.93652063E+00  0.00000000E+00
     381  9.92134424E-01  9.84330724E-01  9.68907009E-01  6.66666655E-01  1.85743340E-05  1.76871826E+00 -5.93652250E+00 -5.93652250E+00  0.00000000E+00
     391  9.92133869E-01  9.84329624E-01  9.68904844E-01  6.66666654E-01  1.90368303E-05  1.81493295E+00 -5.93652559E+00 -5.93652559E+00  0.00000000E+00
     401  9.92133909E-01  9.84329702E-01  9.68904998E-01  6.66666655E-01  1.86939285E-05  1.78973282E+00 -5.93652363E+00 -5.93652363E+00  0.00000000E+00
     411  9.92133068E-01  9.84328034E-01  9.68901714E-01  6.66666655E-01  1.84999850E-05  1.81824141E+00 -5.93652226E+00 -5.93652226E+00  0.00000000E+00
     421  9.92133349E-01  9.84328590E-01  9.68902807E-01  6.66666655E-01  1.80412597E-05  1.82755799E+00 -5.93651946E+00 -5.93651946E+00  0.00000000E+00
     431  9.92130892E-01  9.84323715E-01  9.68893210E-01  6.66666655E-01  1.79510288E-05  1.87092079E+00 -5.93651351E+00 -5.93651351E+00  0.00000000E+00
     441  9.92130327E-01  9.84322594E-01  9.68891004E-01  6.66666655E-01  1.84430175E-05  1.85892126E+00 -5.93651144E+00 -5.93651144E+00  0.00000000E+00
     451  9.92131025E-01  9.84323979E-01  9.68893731E-01  6.66666655E-01  1.88147928E-05  1.87172755E+00 -5.93650741E+00 -5.93650741E+00  0.00000000E+00
     461  9.92132467E-01  9.84326842E-01  9.68899366E-01  6.66666655E-01  1.84273841E-05  1.84704456E+00 -5.93650492E+00 -5.93650492E+00  0.00000000E+00
     471  9.92133592E-01  9.84329074E-01  9.68903761E-01  6.66666655E-01  1.86923644E-05  1.83393608E+00 -5.93649950E+00 -5.93649950E+00  0.00000000E+00
     481  9.92133425E-01  9.84328742E-01  9.68903109E-01  6.66666654E-01  1.90445064E-05  1.81401703E+00 -5.93649172E+00 -5.93649172E+00  0.00000000E+00
     491  9.92134435E-01  9.84330747E-01  9.68907054E-01  6.66666655E-01  1.86733870E-05  1.80515405E+00 -5.93649276E+00 -5.93649276E+00  0.00000000E+00
     501  9.92134170E-01  9.84330220E-01  9.68906017E-01  6.66666655E-01  1.86486864E-05  1.79384788E+00 -5.93648861E+00 -5.93648861E+00  0.00000000E+00
     511  9.92131467E-01  9.84324857E-01  9.68895459E-01  6.66666655E-01  1.88199038E-05  1.79061278E+00 -5.93648381E+00 -5.93648381E+00  0.00000000E+00
     521  9.92127979E-01  9.84317937E-01  9.68881838E-01  6.66666654E-01  1.98166267E-05  1.77770265E+00 -5.93648262E+00 -5.93648262E+00  0.00000000E+00
     531  9.92125940E-01  9.84313891E-01  9.68873874E-01  6.66666654E-01  2.03589664E-05  1.76469522E+00 -5.93648600E+00 -5.93648600E+00  0.00000000E+00
     541  9.92125225E-01  9.84312471E-01  9.68871079E-01  6.66666654E-01  2.01325433E-05  1.76539388E+00 -5.93648902E+00 -5.93648902E+00  0.00000000E+00
     551  9.92124293E-01  9.84310622E-01  9.68867437E-01  6.66666654E-01  1.98417639E-05  1.77624206E+00 -5.93648638E+00 -5.93648638E+00  0.00000000E+00
     561  9.92123134E-01  9.84308323E-01  9.68862911E-01  6.66666654E-01  1.98828107E-05  1.76623351E+00 -5.93648678E+00 -5.93648678E+00  0.00000000E+00
     571  9.92122982E-01  9.84308021E-01  9.68862317E-01  6.66666654E-01  1.98961488E-05  1.77764885E+00 -5.93649303E+00 -5.93649303E+00  0.00000000E+00
     581  9.92123353E-01  9.84308758E-01  9.68863768E-01  6.66666654E-01  1.97100829E-05  1.76451224E+00 -5.93649469E+00 -5.93649469E+00  0.00000000E+00
     591  9.92124336E-01  9.84310708E-01  9.68867606E-01  6.66666654E-01  1.97068432E-05  1.74260623E+00 -5.93649098E+00 -5.93649098E+00  0.00000000E+00
     601  9.92124321E-01  9.84310677E-01  9.68867545E-01  6.66666654E-01  1.94335771E-05  1.77290679E+00 -5.93648688E+00 -5.93648688E+00  0.00000000E+00
     611  9.92126320E-01  9.84314643E-01  9.68875354E-01  6.66666654E-01  1.96162915E-05  1.77884843E+00 -5.93649160E+00 -5.93649160E+00  0.00000000E+00
     621  9.92127890E-01  9.84317759E-01  9.68881487E-01  6.66666654E-01  1.94701547E-05  1.76932994E+00 -5.93648599E+00 -5.93648599E+00  0.00000000E+00
     631  9.92128502E-01  9.84318973E-01  9.68883876E-01  6.66666654E-01  1.92219337E-05  1.74614648E+00 -5.93648397E+00 -5.93648397E+00  0.00000000E+00
     641  9.92128665E-01  9.84319298E-01  9.68884515E-01  6.66666654E-01  1.89688155E-05  1.78506996E+00 -5.93648794E+00 -5.93648794E+00  0.00000000E+00
     651  9.92129348E-01  9.84320651E-01  9.68887179E-01  6.66666655E-01  1.87157856E-05  1.78937306E+00 -5.93649013E+00 -5.93649013E+00  0.00000000E+00
     661  9.92129948E-01  9.84321842E-01  9.68889524E-01  6.66666654E-01  1.89375842E-05  1.76989897E+00 -5.93649012E+00 -5.93649012E+00  0.00000000E+00
     671  9.92131711E-01  9.84325341E-01  9.68896413E-01  6.66666655E-01  1.88100799E-05  1.77353993E+00 -5.93649507E+00 -5.93649507E+00  0.00000000E+00
     681  9.92130099E-01  9.84322142E-01  9.68890114E-01  6.66666654E-01  1.89413686E-05  1.82227206E+00 -5.93649761E+00 -5.93649761E+00  0.00000000E+00
     691  9.92128847E-01  9.84319658E-01  9.68885226E-01  6.66666654E-01  1.92632452E-05  1.80599597E+00 -5.93649923E+00 -5.93649923E+00  0.00000000E+00
     701  9.92126915E-01  9.84315825E-01  9.68877682E-01  6.66666653E-01  2.12915634E-05  1.79236082E+00 -5.93649994E+00 -5.93649994E+00  0.00000000E+00
     711  9.92125891E-01  9.84313794E-01  9.68873685E-01  6.66666653E-01  2.15617935E-05  1.77461823E+00 -5.93650158E+00 -5.93650158E+00  0.00000000E+00
     721  9.92125776E-01  9.84313566E-01  9.68873236E-01  6.66666653E-01  2.13313091E-05  1.75403893E+00 -5.93650059E+00 -5.93650059E+00  0.00000000E+00
     731  9.92124788E-01  9.84311605E-01  9.68869375E-01  6.66666653E-01  2.10683787E-05  1.73503947E+00 -5.93649770E+00 -5.93649770E+00  0.00000000E+00
     741  9.92123668E-01  9.84309382E-01  9.68865000E-01  6.66666653E-01  2.16105339E-05  1.73443879E+00 -5.93649597E+00 -5.93649597E+00  0.00000000E+00
     751  9.92122931E-01  9.84307921E-01  9.68862125E-01  6.66666653E-01  2.16591769E-05  1.76801420E+00 -5.93650212E+00 -5.93650212E+00  0.00000000E+00
     761  9.92122659E-01  9.84307380E-01  9.68861059E-01  6.66666653E-01  2.15814403E-05  1.77717817E+00 -5.93650135E+00 -5.93650135E+00  0.00000000E+00
     771  9.92121377E-01  9.84304837E-01  9.68856053E-01  6.66666653E-01  2.15019136E-05  1.77071325E+00 -5.93649817E+00 -5.93649817E+00  0.00000000E+00
     781  9.92121398E-01  9.84304878E-01  9.68856133E-01  6.66666653E-01  2.12186623E-05  1.76701476E+00 -5.93649349E+00 -5.93649349E+00  0.00000000E+00
     791  9.92122023E-01  9.84306119E-01  9.68858575E-01  6.66666653E-01  2.10566186E-05  1.75745876E+00 -5.93649179E+00 -5.93649179E+00  0.00000000E+00
     801  9.92122454E-01  9.84306974E-01  9.68860259E-01  6.66666653E-01  2.09216112E-05  1.76950520E+00 -5.93649075E+00 -5.93649075E+00  0.00000000E+00
     811  9.92124911E-01  9.84311850E-01  9.68869857E-01  6.66666653E-01  2.12124735E-05  1.74736144E+00 -5.93648872E+00 -5.93648872E+00  0.00000000E+00
     821  9.92126340E-01  9.84314684E-01  9.68875436E-01  6.66666653E-01  2.10785838E-05  1.74515149E+00 -5.93649159E+00 -5.93649159E+00  0.00000000E+00
     831  9.92126715E-01  9.84315429E-01  9.68876903E-01  6.66666653E-01  2.13004522E-05  1.75187391E+00 -5.93649151E+00 -5.93649151E+00  0.00000000E+00
     841  9.92126493E-01  9.84314988E-01  9.68876035E-01  6.66666653E-01  2.13573800E-05  1.75422467E+00 -5.93649423E+00 -5.93649423E+00  0.00000000E+00
     851  9.92127987E-01  9.84317952E-01  9.68881871E-01  6.66666653E-01  2.13890893E-05  1.74965978E+00 -5.93649526E+00 -5.93649526E+00  0.00000000E+00
     861  9.92129120E-01  9.84320202E-01  9.68886300E-01  6.66666653E-01  2.13806812E-05  1.74995463E+00 -5.93649467E+00 -5.93649467E+00  0.00000000E+00
     871  9.92130678E-01  9.84323292E-01  9.68892385E-01  6.66666653E-01  2.18086178E-05  1.76007629E+00 -5.93649310E+00 -5.93649310E+00  0.00000000E+00
     881  9.92132283E-01  9.84326478E-01  9.68898657E-01  6.66666653E-01  2.18641582E-05  1.78529612E+00 -5.93649679E+00 -5.93649679E+00  0.00000000E+00
     891  9.92133968E-01  9.84329820E-01  9.68905237E-01  6.66666652E-01  2.23310723E-05  1.78707530E+00 -5.93650014E+00 -5.93650014E+00  0.00000000E+00
     901  9.92134840E-01  9.84331552E-01  9.68908647E-01  6.66666652E-01  2.25061904E-05  1.78778923E+00 -5.93649803E+00 -5.93649803E+00  0.00000000E+00
     911  9.92135925E-01  9.84333704E-01  9.68912883E-01  6.66666652E-01  2.23964965E-05  1.77199814E+00 -5.93649698E+00 -5.93649698E+00  0.00000000E+00
     921  9.92136920E-01  9.84335679E-01  9.68916771E-01  6.66666652E-01  2.24907714E-05  1.76569495E+00 -5.93649317E+00 -5.93649317E+00  0.00000000E+00
     931  9.92137089E-01  9.84336014E-01  9.68917430E-01  6.66666652E-01  2.23940473E-05  1.77964481E+00 -5.93649493E+00 -5.93649493E+00  0.00000000E+00
     941  9.92136599E-01  9.84335043E-01  9.68915519E-01  6.66666652E-01  2.28161471E-05  1.76023110E+00 -5.93649455E+00 -5.93649455E+00  0.00000000E+00
     951  9.92135196E-01  9.84332258E-01  9.68910037E-01  6.66666652E-01  2.35384268E-05  1.77535876E+00 -5.93649712E+00 -5.93649712E+00  0.00000000E+00
     961  9.92134252E-01  9.84330386E-01  9.68906353E-01  6.66666652E-01  2.35136736E-05  1.77508080E+00 -5.93649781E+00 -5.93649781E+00  0.00000000E+00
     971  9.92132991E-01  9.84327883E-01  9.68901425E-01  6.66666652E-01  2.33681905E-05  1.76941451E+00 -5.93649461E+00 -5.93649461E+00  0.00000000E+00
     981  9.92133193E-01  9.84328284E-01  9.68902215E-01  6.66666652E-01  2.32853113E-05  1.76225156E+00 -5.93649306E+00 -5.93649306E+00  0.00000000E+00
     991  9.92132083E-01  9.84326082E-01  9.68897880E-01  6.66666651E-01  2.39190283E-05  1.75970655E+00 -5.93649411E+00 -5.93649411E+00  0.00000000E+00
