################################################################################
# File type: R
# Simulation type: M
# Number of atoms:       512
# Number of ensembles:         1
################################################################################
   #iterens   iatom           |Mom|             M_x             M_y             M_z
      -1       1       1    1.00000000E+00 -3.14286924E-01  7.61433747E-01 -5.66958886E-01
      -1       1       2    1.00000000E+00 -7.84981291E-01 -2.54779479E-01 -5.64705047E-01
      -1       1       3    1.00000000E+00 -9.26238772E-01 -1.27533489E-01  3.54706845E-01
      -1       1       4    1.00000000E+00 -4.86386214E-01  8.61767554E-01 -1.44170505E-01
      -1       1       5    1.00000000E+00  1.67453531E-01  5.61779149E-01 -8.10162640E-01
      -1       1       6    1.00000000E+00 -6.95243633E-01  6.53864332E-01 -2.98492422E-01
      -1       1       7    1.00000000E+00 -3.11921202E-01  2.72808282E-01 -9.10099338E-01
      -1       1       8    1.00000000E+00 -6.17536296E-02  2.88938884E-01 -9.55353762E-01
      -1       1       9    1.00000000E+00 -8.14082269E-01  1.90543822E-01 -5.48601049E-01
      -1       1      10    1.00000000E+00 -5.24386409E-01  3.87336558E-01 -7.58280479E-01
      -1       1      11    1.00000000E+00 -5.68743090E-01 -1.72939383E-01  8.04128887E-01
      -1       1      12    1.00000000E+00 -9.24156294E-01  3.20684563E-01 -2.07597101E-01
      -1       1      13    1.00000000E+00 -3.38919009E-01  7.59803456E-01 -5.54826652E-01
      -1       1      14    1.00000000E+00 -7.21664861E-01  2.83870640E-01 -6.31361456E-01
      -1       1      15    1.00000000E+00 -9.20333264E-02  7.79452296E-02 -9.92700563E-01
      -1       1      16    1.00000000E+00 -1.20306665E-01  7.16380441E-01 -6.87259317E-01
      -1       1      17    1.00000000E+00 -8.71371480E-02  3.24899511E-01 -9.41725770E-01
      -1       1      18    1.00000000E+00 -6.02896149E-01  5.58246992E-01 -5.69979412E-01
      -1       1      19    1.00000000E+00 -7.10337815E-01  7.02344493E-01 -4.61779367E-02
      -1       1      20    1.00000000E+00 -8.92788762E-01  4.09915099E-01  1.86809631E-01
      -1       1      21    1.00000000E+00 -9.19321527E-01 -5.47124592E-02 -3.89685099E-01
      -1       1      22    1.00000000E+00 -9.46694352E-01  1.30815790E-01 -2.94375665E-01
      -1       1      23    1.00000000E+00  5.75993732E-01  2.47560028E-01 -7.79066912E-01
      -1       1      24    1.00000000E+00 -1.20306665E-01  7.16380441E-01 -6.87259317E-01
      -1       1      25    1.00000000E+00 -8.02634541E-01  5.00030067E-01 -3.25188754E-01
      -1       1      26    1.00000000E+00 -3.86447584E-01  6.60539959E-01 -6.43696533E-01
      -1       1      27    1.00000000E+00 -9.70345684E-01 -2.41121853E-01 -1.70148360E-02
      -1       1      28    1.00000000E+00 -2.48181612E-02 -2.27419068E-01 -9.73480676E-01
      -1       1      29    1.00000000E+00 -6.84101166E-01  3.47651529E-01 -6.41205122E-01
      -1       1      30    1.00000000E+00  1.95885106E-01 -6.72404746E-02 -9.78318835E-01
      -1       1      31    1.00000000E+00  4.67379868E-01  5.39024350E-01 -7.00720207E-01
      -1       1      32    1.00000000E+00 -1.20306665E-01  7.16380441E-01 -6.87259317E-01
      -1       1      33    1.00000000E+00 -5.24528424E-01 -3.06724785E-01 -7.94222789E-01
      -1       1      34    1.00000000E+00 -1.10101480E-01  4.89284730E-01 -8.65146298E-01
      -1       1      35    1.00000000E+00 -9.70345684E-01 -2.41121853E-01 -1.70148360E-02
      -1       1      36    1.00000000E+00 -9.64070359E-01  2.46996036E-01 -9.77819010E-02
      -1       1      37    1.00000000E+00 -6.84101166E-01  3.47651529E-01 -6.41205122E-01
      -1       1      38    1.00000000E+00 -9.46694352E-01  1.30815790E-01 -2.94375665E-01
      -1       1      39    1.00000000E+00  1.40432717E-01 -8.15744496E-02 -9.86724005E-01
      -1       1      40    1.00000000E+00 -1.20306665E-01  7.16380441E-01 -6.87259317E-01
      -1       1      41    1.00000000E+00 -3.32508335E-01 -8.35711799E-01 -4.37062921E-01
      -1       1      42    1.00000000E+00  1.59001193E-01  3.54213241E-01 -9.21548480E-01
      -1       1      43    1.00000000E+00 -9.70345684E-01 -2.41121853E-01 -1.70148360E-02
      -1       1      44    1.00000000E+00 -9.27467941E-01  2.37322216E-01 -2.88931453E-01
      -1       1      45    1.00000000E+00 -7.65576099E-01  3.48688860E-01 -5.40656375E-01
      -1       1      46    1.00000000E+00 -9.46694352E-01  1.30815790E-01 -2.94375665E-01
      -1       1      47    1.00000000E+00 -2.08921857E-01  5.19842717E-01 -8.28320715E-01
      -1       1      48    1.00000000E+00 -1.20306665E-01  7.16380441E-01 -6.87259317E-01
      -1       1      49    1.00000000E+00 -5.39793364E-01 -2.63452495E-02 -8.41385199E-01
      -1       1      50    1.00000000E+00 -7.81265289E-01  9.14039750E-03 -6.24132198E-01
      -1       1      51    1.00000000E+00 -9.70345684E-01 -2.41121853E-01 -1.70148360E-02
      -1       1      52    1.00000000E+00 -9.38913768E-01  2.24831526E-01 -2.60560399E-01
      -1       1      53    1.00000000E+00 -6.84101166E-01  3.47651529E-01 -6.41205122E-01
      -1       1      54    1.00000000E+00 -9.46694352E-01  1.30815790E-01 -2.94375665E-01
      -1       1      55    1.00000000E+00  6.23996915E-02 -1.00689167E-01 -9.92959199E-01
      -1       1      56    1.00000000E+00 -1.20306665E-01  7.16380441E-01 -6.87259317E-01
      -1       1      57    1.00000000E+00  6.92037696E-02 -2.61264634E-01 -9.62783272E-01
      -1       1      58    1.00000000E+00 -3.42595732E-01  2.86870072E-01 -8.94613730E-01
      -1       1      59    1.00000000E+00 -9.70345684E-01 -2.41121853E-01 -1.70148360E-02
      -1       1      60    1.00000000E+00 -8.17551359E-01  1.65551089E-01 -5.51545657E-01
      -1       1      61    1.00000000E+00 -6.84101166E-01  3.47651529E-01 -6.41205122E-01
      -1       1      62    1.00000000E+00 -9.46694352E-01  1.30815790E-01 -2.94375665E-01
      -1       1      63    1.00000000E+00 -4.22733943E-01  3.97635869E-01 -8.14359705E-01
      -1       1      64    1.00000000E+00 -9.53243639E-01  2.30555885E-02 -3.01322095E-01
      -1       1      65    1.00000000E+00 -1.43586059E-01 -2.50052115E-01 -9.57526492E-01
      -1       1      66    1.00000000E+00 -3.21002956E-01 -1.45824471E-01 -9.35784337E-01
      -1       1      67    1.00000000E+00 -9.70345684E-01 -2.41121853E-01 -1.70148360E-02
      -1       1      68    1.00000000E+00 -5.35753117E-01  3.26343976E-01 -7.78760687E-01
      -1       1      69    1.00000000E+00  1.38326440E-01  8.98402278E-01 -4.16820276E-01
      -1       1      70    1.00000000E+00 -2.30232733E-01  2.41929010E-01 -9.42583282E-01
      -1       1      71    1.00000000E+00 -5.40366027E-01 -3.44800811E-02 -8.40723308E-01
      -1       1      72    1.00000000E+00 -9.53243639E-01  2.30555885E-02 -3.01322095E-01
      -1       1      73    1.00000000E+00 -6.67487134E-01  2.34058468E-01 -7.06878745E-01
      -1       1      74    1.00000000E+00 -6.98836050E-01  4.84034409E-01 -5.26629725E-01
      -1       1      75    1.00000000E+00 -9.70345684E-01 -2.41121853E-01 -1.70148360E-02
      -1       1      76    1.00000000E+00 -9.56523649E-01  1.01605618E-02 -2.91477738E-01
      -1       1      77    1.00000000E+00 -1.82395172E-01  1.84989731E-01 -9.65665988E-01
      -1       1      78    1.00000000E+00  1.74865719E-01  5.45051821E-01 -8.19963715E-01
      -1       1      79    1.00000000E+00  5.01832069E-02 -1.13430281E-01 -9.92277792E-01
      -1       1      80    1.00000000E+00 -1.20306665E-01  7.16380441E-01 -6.87259317E-01
      -1       1      81    1.00000000E+00 -1.01187619E-03  6.54312814E-01 -7.56223325E-01
      -1       1      82    1.00000000E+00 -6.61136216E-01  5.14914070E-01 -5.45676099E-01
      -1       1      83    1.00000000E+00 -7.10337815E-01  7.02344493E-01 -4.61779367E-02
      -1       1      84    1.00000000E+00 -7.02084308E-01  7.07380757E-01  8.17929634E-02
      -1       1      85    1.00000000E+00 -9.29662359E-01 -1.55909030E-01 -3.33796753E-01
      -1       1      86    1.00000000E+00 -9.46694352E-01  1.30815790E-01 -2.94375665E-01
      -1       1      87    1.00000000E+00 -2.84999431E-01  2.03906741E-01 -9.36588151E-01
      -1       1      88    1.00000000E+00 -1.20306665E-01  7.16380441E-01 -6.87259317E-01
      -1       1      89    1.00000000E+00 -1.68459864E-01  9.85699858E-01  4.13082302E-03
      -1       1      90    1.00000000E+00 -1.55296968E-01  6.21803226E-01 -7.67622043E-01
      -1       1      91    1.00000000E+00 -7.10337815E-01  7.02344493E-01 -4.61779367E-02
      -1       1      92    1.00000000E+00 -8.52463722E-01  4.99364563E-01  1.54727619E-01
      -1       1      93    1.00000000E+00  1.38326440E-01  8.98402278E-01 -4.16820276E-01
      -1       1      94    1.00000000E+00  4.32464269E-02  6.71266864E-01 -7.39953069E-01
      -1       1      95    1.00000000E+00  2.92732343E-01  2.09694012E-01 -9.32918108E-01
      -1       1      96    1.00000000E+00 -1.20306665E-01  7.16380441E-01 -6.87259317E-01
      -1       1      97    1.00000000E+00  1.67522555E-01  9.77601127E-01 -1.27405768E-01
      -1       1      98    1.00000000E+00 -5.90512844E-01  1.41621854E-01 -7.94504771E-01
      -1       1      99    1.00000000E+00 -9.70345684E-01 -2.41121853E-01 -1.70148360E-02
      -1       1     100    1.00000000E+00 -9.08235099E-01  1.59545324E-01 -3.86851773E-01
      -1       1     101    1.00000000E+00 -6.40272128E-01  5.57845089E-01 -5.28072399E-01
      -1       1     102    1.00000000E+00 -9.46694352E-01  1.30815790E-01 -2.94375665E-01
      -1       1     103    1.00000000E+00 -3.34656274E-01  2.22101104E-01 -9.15792705E-01
      -1       1     104    1.00000000E+00 -1.20306665E-01  7.16380441E-01 -6.87259317E-01
      -1       1     105    1.00000000E+00 -4.01038918E-01 -2.10833686E-01 -8.91468981E-01
      -1       1     106    1.00000000E+00 -6.83120328E-01 -2.73109871E-01 -6.77316481E-01
      -1       1     107    1.00000000E+00 -9.70345684E-01 -2.41121853E-01 -1.70148360E-02
      -1       1     108    1.00000000E+00 -8.93765583E-01  2.85318771E-01 -3.46087101E-01
      -1       1     109    1.00000000E+00 -8.05346042E-01  3.17660651E-01 -5.00509205E-01
      -1       1     110    1.00000000E+00 -9.46694352E-01  1.30815790E-01 -2.94375665E-01
      -1       1     111    1.00000000E+00  1.09912428E-01  1.34378101E-01 -9.84815609E-01
      -1       1     112    1.00000000E+00 -9.53243639E-01  2.30555885E-02 -3.01322095E-01
      -1       1     113    1.00000000E+00 -2.10794874E-01 -4.67051135E-01 -8.58736722E-01
      -1       1     114    1.00000000E+00 -7.38910915E-01  1.75427742E-01 -6.50565729E-01
      -1       1     115    1.00000000E+00 -8.00202898E-01  5.83169493E-01  1.39959509E-01
      -1       1     116    1.00000000E+00 -8.25269116E-01  6.02844223E-02 -5.61512845E-01
      -1       1     117    1.00000000E+00 -8.54485886E-01  1.80449080E-01 -4.87126267E-01
      -1       1     118    1.00000000E+00  1.72795604E-01  6.72184370E-02 -9.82661366E-01
      -1       1     119    1.00000000E+00  1.54679184E-01 -9.60790043E-02 -9.83281839E-01
      -1       1     120    1.00000000E+00 -9.53243639E-01  2.30555885E-02 -3.01322095E-01
      -1       1     121    1.00000000E+00  2.56445219E-01 -2.94355534E-02 -9.66110448E-01
      -1       1     122    1.00000000E+00 -3.81988930E-01  3.99098883E-01 -8.33549362E-01
      -1       1     123    1.00000000E+00 -5.68743090E-01 -1.72939383E-01  8.04128887E-01
      -1       1     124    1.00000000E+00 -9.38131260E-01  3.39776415E-01  6.67961581E-02
      -1       1     125    1.00000000E+00 -6.95484002E-01  8.65769275E-02 -7.13306693E-01
      -1       1     126    1.00000000E+00 -2.14945739E-01 -6.71426929E-03 -9.76602912E-01
      -1       1     127    1.00000000E+00  2.98886978E-01  8.48850398E-03 -9.54250764E-01
      -1       1     128    1.00000000E+00 -9.53243639E-01  2.30555885E-02 -3.01322095E-01
      -1       1     129    1.00000000E+00 -3.32508335E-01 -8.35711799E-01 -4.37062921E-01
      -1       1     130    1.00000000E+00  2.80015213E-01 -3.58463319E-01 -8.90559111E-01
      -1       1     131    1.00000000E+00 -5.68743090E-01 -1.72939383E-01  8.04128887E-01
      -1       1     132    1.00000000E+00 -6.68366921E-01  7.14304841E-01 -2.07495188E-01
      -1       1     133    1.00000000E+00 -8.65038932E-01  1.32698712E-01 -4.83837471E-01
      -1       1     134    1.00000000E+00 -5.05164957E-02  4.18876129E-01 -9.06637122E-01
      -1       1     135    1.00000000E+00  4.35650694E-01 -4.11486467E-01 -8.00554408E-01
      -1       1     136    1.00000000E+00 -9.53243639E-01  2.30555885E-02 -3.01322095E-01
      -1       1     137    1.00000000E+00 -1.82632818E-01  3.91642978E-01 -9.01809865E-01
      -1       1     138    1.00000000E+00 -5.62313429E-01  5.29071229E-01 -6.35521236E-01
      -1       1     139    1.00000000E+00 -5.68743090E-01 -1.72939383E-01  8.04128887E-01
      -1       1     140    1.00000000E+00 -9.27467941E-01  2.37322216E-01 -2.88931453E-01
      -1       1     141    1.00000000E+00 -7.76159085E-01  7.12032099E-02 -6.26503932E-01
      -1       1     142    1.00000000E+00 -9.46694352E-01  1.30815790E-01 -2.94375665E-01
      -1       1     143    1.00000000E+00 -2.70455541E-01 -1.52428704E-01 -9.50588918E-01
      -1       1     144    1.00000000E+00 -1.20306665E-01  7.16380441E-01 -6.87259317E-01
      -1       1     145    1.00000000E+00 -6.40759191E-01  7.54653657E-01 -1.41157772E-01
      -1       1     146    1.00000000E+00 -5.24386409E-01  3.87336558E-01 -7.58280479E-01
      -1       1     147    1.00000000E+00 -5.68743090E-01 -1.72939383E-01  8.04128887E-01
      -1       1     148    1.00000000E+00 -2.48181612E-02 -2.27419068E-01 -9.73480676E-01
      -1       1     149    1.00000000E+00 -5.97646681E-01  8.29273836E-02 -7.97459399E-01
      -1       1     150    1.00000000E+00 -9.46694352E-01  1.30815790E-01 -2.94375665E-01
      -1       1     151    1.00000000E+00  1.47835080E-01  3.00159684E-03 -9.89007472E-01
      -1       1     152    1.00000000E+00 -1.20306665E-01  7.16380441E-01 -6.87259317E-01
      -1       1     153    1.00000000E+00 -9.99778456E-02  7.47253057E-01  6.56975874E-01
      -1       1     154    1.00000000E+00 -7.31895936E-01  1.94191783E-01 -6.53159927E-01
      -1       1     155    1.00000000E+00 -5.68743090E-01 -1.72939383E-01  8.04128887E-01
      -1       1     156    1.00000000E+00 -9.90524856E-01  1.34121179E-01  2.95299534E-02
      -1       1     157    1.00000000E+00 -6.84101166E-01  3.47651529E-01 -6.41205122E-01
      -1       1     158    1.00000000E+00 -9.46694352E-01  1.30815790E-01 -2.94375665E-01
      -1       1     159    1.00000000E+00  2.78835781E-01 -4.49110282E-01 -8.48852497E-01
      -1       1     160    1.00000000E+00 -1.20306665E-01  7.16380441E-01 -6.87259317E-01
      -1       1     161    1.00000000E+00 -2.34853729E-01  9.36890882E-01 -2.58996527E-01
      -1       1     162    1.00000000E+00 -6.61709792E-01  7.47367380E-01 -5.98510656E-02
      -1       1     163    1.00000000E+00 -7.10337815E-01  7.02344493E-01 -4.61779367E-02
      -1       1     164    1.00000000E+00 -9.29203202E-01  3.50876757E-01 -1.16047021E-01
      -1       1     165    1.00000000E+00 -6.03801274E-01  6.88233261E-01 -4.02192740E-01
      -1       1     166    1.00000000E+00 -9.46694352E-01  1.30815790E-01 -2.94375665E-01
      -1       1     167    1.00000000E+00  3.68200204E-01 -1.85578912E-03 -9.29744678E-01
      -1       1     168    1.00000000E+00 -1.20306665E-01  7.16380441E-01 -6.87259317E-01
      -1       1     169    1.00000000E+00  1.70109281E-01 -4.73751765E-02 -9.84285744E-01
      -1       1     170    1.00000000E+00 -8.43623044E-01  4.25169945E-01 -3.27918704E-01
      -1       1     171    1.00000000E+00 -8.00202898E-01  5.83169493E-01  1.39959509E-01
      -1       1     172    1.00000000E+00 -9.53627753E-01  1.59673123E-01 -2.55144277E-01
      -1       1     173    1.00000000E+00 -6.84101166E-01  3.47651529E-01 -6.41205122E-01
      -1       1     174    1.00000000E+00 -9.46694352E-01  1.30815790E-01 -2.94375665E-01
      -1       1     175    1.00000000E+00  2.27580752E-01  5.48519381E-02 -9.72213077E-01
      -1       1     176    1.00000000E+00 -9.53243639E-01  2.30555885E-02 -3.01322095E-01
      -1       1     177    1.00000000E+00 -1.22594928E-01 -1.23631196E-01 -9.84726262E-01
      -1       1     178    1.00000000E+00 -7.44977682E-01  3.55133075E-01 -5.64702357E-01
      -1       1     179    1.00000000E+00 -7.10337815E-01  7.02344493E-01 -4.61779367E-02
      -1       1     180    1.00000000E+00 -7.81939284E-01  3.80344375E-01 -4.93871555E-01
      -1       1     181    1.00000000E+00 -6.84101166E-01  3.47651529E-01 -6.41205122E-01
      -1       1     182    1.00000000E+00 -9.46694352E-01  1.30815790E-01 -2.94375665E-01
      -1       1     183    1.00000000E+00 -1.86835702E-01 -1.42168912E-01 -9.72049598E-01
      -1       1     184    1.00000000E+00 -8.38506270E-01 -1.73848703E-01 -5.16414430E-01
      -1       1     185    1.00000000E+00 -1.62687564E-01 -1.05542585E-01 -9.81016574E-01
      -1       1     186    1.00000000E+00 -7.23670817E-01  2.72077736E-01 -6.34250939E-01
      -1       1     187    1.00000000E+00 -7.10337815E-01  7.02344493E-01 -4.61779367E-02
      -1       1     188    1.00000000E+00 -7.61210548E-01  3.15706837E-01 -5.66469501E-01
      -1       1     189    1.00000000E+00 -6.84101166E-01  3.47651529E-01 -6.41205122E-01
      -1       1     190    1.00000000E+00 -9.46694352E-01  1.30815790E-01 -2.94375665E-01
      -1       1     191    1.00000000E+00  4.35650694E-01 -4.11486467E-01 -8.00554408E-01
      -1       1     192    1.00000000E+00 -9.53243639E-01  2.30555885E-02 -3.01322095E-01
      -1       1     193    1.00000000E+00 -4.83431636E-01 -3.69628225E-01 -7.93516748E-01
      -1       1     194    1.00000000E+00 -4.55309512E-01 -6.75014979E-02 -8.87770689E-01
      -1       1     195    1.00000000E+00 -9.70345684E-01 -2.41121853E-01 -1.70148360E-02
      -1       1     196    1.00000000E+00 -9.48204536E-01 -1.77880124E-02  3.17162017E-01
      -1       1     197    1.00000000E+00 -6.62202622E-01  6.95907638E-02 -7.46086331E-01
      -1       1     198    1.00000000E+00 -4.09564878E-01 -6.08366699E-01 -6.79813629E-01
      -1       1     199    1.00000000E+00  1.94409098E-01  7.99195405E-03 -9.80887981E-01
      -1       1     200    1.00000000E+00 -9.53243639E-01  2.30555885E-02 -3.01322095E-01
      -1       1     201    1.00000000E+00 -5.65211641E-01  3.43423600E-01 -7.50064019E-01
      -1       1     202    1.00000000E+00 -8.01143408E-01  6.68949275E-02 -5.94722043E-01
      -1       1     203    1.00000000E+00 -5.68743090E-01 -1.72939383E-01  8.04128887E-01
      -1       1     204    1.00000000E+00 -9.16892326E-01  3.62568075E-01 -1.66891739E-01
      -1       1     205    1.00000000E+00 -9.79590353E-01  1.41825891E-01 -1.42436499E-01
      -1       1     206    1.00000000E+00 -9.46694352E-01  1.30815790E-01 -2.94375665E-01
      -1       1     207    1.00000000E+00  4.01184610E-01  2.30754990E-01 -8.86455325E-01
      -1       1     208    1.00000000E+00 -9.53243639E-01  2.30555885E-02 -3.01322095E-01
      -1       1     209    1.00000000E+00 -2.22942204E-01  9.60897345E-01  1.64234792E-01
      -1       1     210    1.00000000E+00 -8.28409089E-02  4.96312869E-01 -8.64182226E-01
      -1       1     211    1.00000000E+00 -9.70345684E-01 -2.41121853E-01 -1.70148360E-02
      -1       1     212    1.00000000E+00 -2.48181612E-02 -2.27419068E-01 -9.73480676E-01
      -1       1     213    1.00000000E+00 -6.27246111E-01  2.50422519E-01 -7.37462459E-01
      -1       1     214    1.00000000E+00 -9.46694352E-01  1.30815790E-01 -2.94375665E-01
      -1       1     215    1.00000000E+00  6.74688741E-01 -6.38678564E-01 -3.69979451E-01
      -1       1     216    1.00000000E+00 -1.20306665E-01  7.16380441E-01 -6.87259317E-01
      -1       1     217    1.00000000E+00 -3.32508335E-01 -8.35711799E-01 -4.37062921E-01
      -1       1     218    1.00000000E+00 -5.31706744E-01  4.86394968E-01 -6.93330998E-01
      -1       1     219    1.00000000E+00 -9.70345684E-01 -2.41121853E-01 -1.70148360E-02
      -1       1     220    1.00000000E+00 -2.48181612E-02 -2.27419068E-01 -9.73480676E-01
      -1       1     221    1.00000000E+00 -4.75167107E-01  3.52504913E-01 -8.06198801E-01
      -1       1     222    1.00000000E+00 -9.46694352E-01  1.30815790E-01 -2.94375665E-01
      -1       1     223    1.00000000E+00  1.60666939E-01 -3.08050053E-01 -9.37705337E-01
      -1       1     224    1.00000000E+00 -9.53243639E-01  2.30555885E-02 -3.01322095E-01
      -1       1     225    1.00000000E+00 -3.32508335E-01 -8.35711799E-01 -4.37062921E-01
      -1       1     226    1.00000000E+00 -7.26325182E-01  2.14474941E-01 -6.53033100E-01
      -1       1     227    1.00000000E+00 -7.10337815E-01  7.02344493E-01 -4.61779367E-02
      -1       1     228    1.00000000E+00 -9.36008165E-01  2.33076109E-01 -2.63750342E-01
      -1       1     229    1.00000000E+00 -7.72057273E-01  3.64111896E-01 -5.20912751E-01
      -1       1     230    1.00000000E+00 -9.46694352E-01  1.30815790E-01 -2.94375665E-01
      -1       1     231    1.00000000E+00 -3.95096280E-01 -1.13205991E-01 -9.11637720E-01
      -1       1     232    1.00000000E+00 -9.53243639E-01  2.30555885E-02 -3.01322095E-01
      -1       1     233    1.00000000E+00 -3.32508335E-01 -8.35711799E-01 -4.37062921E-01
      -1       1     234    1.00000000E+00 -5.58746893E-01  8.22101767E-01 -1.09318772E-01
      -1       1     235    1.00000000E+00 -7.10337815E-01  7.02344493E-01 -4.61779367E-02
      -1       1     236    1.00000000E+00 -8.26719161E-01  1.32810764E-01 -5.46714487E-01
      -1       1     237    1.00000000E+00 -6.13336746E-01 -1.36887331E-02 -7.89702890E-01
      -1       1     238    1.00000000E+00 -9.46694352E-01  1.30815790E-01 -2.94375665E-01
      -1       1     239    1.00000000E+00 -4.88273062E-01 -7.06188803E-02 -8.69828943E-01
      -1       1     240    1.00000000E+00 -9.53243639E-01  2.30555885E-02 -3.01322095E-01
      -1       1     241    1.00000000E+00 -3.32508335E-01 -8.35711799E-01 -4.37062921E-01
      -1       1     242    1.00000000E+00 -9.14424665E-01  4.04747656E-01 -2.62064327E-03
      -1       1     243    1.00000000E+00 -5.68743090E-01 -1.72939383E-01  8.04128887E-01
      -1       1     244    1.00000000E+00 -7.50343185E-01  9.77619427E-02 -6.53779556E-01
      -1       1     245    1.00000000E+00 -6.18731802E-01  3.66090198E-01 -6.95089149E-01
      -1       1     246    1.00000000E+00 -9.46694352E-01  1.30815790E-01 -2.94375665E-01
      -1       1     247    1.00000000E+00  6.79121031E-02  1.97182139E-01 -9.78011836E-01
      -1       1     248    1.00000000E+00 -9.53243639E-01  2.30555885E-02 -3.01322095E-01
      -1       1     249    1.00000000E+00 -3.86801009E-01  2.34869038E-01 -8.91751935E-01
      -1       1     250    1.00000000E+00 -5.64063045E-01  8.19840506E-01  9.84602759E-02
      -1       1     251    1.00000000E+00 -7.10337815E-01  7.02344493E-01 -4.61779367E-02
      -1       1     252    1.00000000E+00 -9.16855002E-01  2.81988665E-01 -2.82593874E-01
      -1       1     253    1.00000000E+00 -4.07964673E-01  2.62157121E-01 -8.74550438E-01
      -1       1     254    1.00000000E+00 -9.46694352E-01  1.30815790E-01 -2.94375665E-01
      -1       1     255    1.00000000E+00  4.08361888E-02  3.20207413E-01 -9.46466914E-01
      -1       1     256    1.00000000E+00 -9.53243639E-01  2.30555885E-02 -3.01322095E-01
      -1       1     257    1.00000000E+00 -3.32508335E-01 -8.35711799E-01 -4.37062921E-01
      -1       1     258    1.00000000E+00 -3.30522161E-01  6.52306712E-01 -6.82093142E-01
      -1       1     259    1.00000000E+00 -9.70345684E-01 -2.41121853E-01 -1.70148360E-02
      -1       1     260    1.00000000E+00 -2.48181612E-02 -2.27419068E-01 -9.73480676E-01
      -1       1     261    1.00000000E+00 -3.03239921E-01  5.01886471E-01 -8.10034271E-01
      -1       1     262    1.00000000E+00 -9.46694352E-01  1.30815790E-01 -2.94375665E-01
      -1       1     263    1.00000000E+00  3.98607032E-01  6.31836742E-01 -6.64751657E-01
      -1       1     264    1.00000000E+00 -9.53243639E-01  2.30555885E-02 -3.01322095E-01
      -1       1     265    1.00000000E+00 -4.32031530E-01 -5.59070544E-01 -7.07664387E-01
      -1       1     266    1.00000000E+00 -7.88042092E-01  5.98967955E-01 -1.42221836E-01
      -1       1     267    1.00000000E+00 -9.70345684E-01 -2.41121853E-01 -1.70148360E-02
      -1       1     268    1.00000000E+00 -2.48181612E-02 -2.27419068E-01 -9.73480676E-01
      -1       1     269    1.00000000E+00 -6.45890251E-01  3.52454767E-01 -6.77201167E-01
      -1       1     270    1.00000000E+00 -9.46694352E-01  1.30815790E-01 -2.94375665E-01
      -1       1     271    1.00000000E+00  1.69603743E-01 -2.77892132E-01 -9.45521302E-01
      -1       1     272    1.00000000E+00 -9.53243639E-01  2.30555885E-02 -3.01322095E-01
      -1       1     273    1.00000000E+00 -5.43217705E-01  3.40329670E-02 -8.38901831E-01
      -1       1     274    1.00000000E+00 -7.06648412E-01  4.81461331E-01 -5.18500731E-01
      -1       1     275    1.00000000E+00 -9.70345684E-01 -2.41121853E-01 -1.70148360E-02
      -1       1     276    1.00000000E+00 -8.04215634E-01  4.26208282E-01 -4.14226646E-01
      -1       1     277    1.00000000E+00 -6.20161171E-01  6.99939667E-01 -3.54238033E-01
      -1       1     278    1.00000000E+00 -9.46694352E-01  1.30815790E-01 -2.94375665E-01
      -1       1     279    1.00000000E+00 -7.16310105E-02 -6.77770875E-01 -7.31775676E-01
      -1       1     280    1.00000000E+00 -9.53243639E-01  2.30555885E-02 -3.01322095E-01
      -1       1     281    1.00000000E+00 -6.40415806E-01  1.05377981E-01 -7.60764797E-01
      -1       1     282    1.00000000E+00 -5.45130415E-01  4.51812741E-01 -7.06185583E-01
      -1       1     283    1.00000000E+00 -9.70345684E-01 -2.41121853E-01 -1.70148360E-02
      -1       1     284    1.00000000E+00 -7.71221232E-01  6.35885233E-01 -2.94581276E-02
      -1       1     285    1.00000000E+00  1.38326440E-01  8.98402278E-01 -4.16820276E-01
      -1       1     286    1.00000000E+00 -9.11011074E-01  5.58978669E-02  4.08575882E-01
      -1       1     287    1.00000000E+00 -2.10605206E-01 -5.78148189E-01 -7.88283019E-01
      -1       1     288    1.00000000E+00 -9.53243639E-01  2.30555885E-02 -3.01322095E-01
      -1       1     289    1.00000000E+00 -4.32493335E-01  2.48037220E-01 -8.66848921E-01
      -1       1     290    1.00000000E+00 -4.78519797E-01  4.42590230E-01 -7.58375034E-01
      -1       1     291    1.00000000E+00 -7.10337815E-01  7.02344493E-01 -4.61779367E-02
      -1       1     292    1.00000000E+00 -8.34471181E-01  3.27214452E-01 -4.43383074E-01
      -1       1     293    1.00000000E+00  1.38326440E-01  8.98402278E-01 -4.16820276E-01
      -1       1     294    1.00000000E+00 -9.46694352E-01  1.30815790E-01 -2.94375665E-01
      -1       1     295    1.00000000E+00  4.98505104E-03  2.11510496E-01 -9.77363013E-01
      -1       1     296    1.00000000E+00 -9.53243639E-01  2.30555885E-02 -3.01322095E-01
      -1       1     297    1.00000000E+00 -2.75165594E-01  3.95458254E-02 -9.60583168E-01
      -1       1     298    1.00000000E+00 -3.19741772E-01  8.09696547E-01 -4.92094200E-01
      -1       1     299    1.00000000E+00 -7.10337815E-01  7.02344493E-01 -4.61779367E-02
      -1       1     300    1.00000000E+00 -9.98250071E-01 -4.87075747E-02 -3.35315852E-02
      -1       1     301    1.00000000E+00 -6.84101166E-01  3.47651529E-01 -6.41205122E-01
      -1       1     302    1.00000000E+00 -9.46694352E-01  1.30815790E-01 -2.94375665E-01
      -1       1     303    1.00000000E+00 -7.56984858E-01  1.56212272E-02 -6.53245668E-01
      -1       1     304    1.00000000E+00 -9.53243639E-01  2.30555885E-02 -3.01322095E-01
      -1       1     305    1.00000000E+00 -3.32508335E-01 -8.35711799E-01 -4.37062921E-01
      -1       1     306    1.00000000E+00 -5.76792666E-01  4.81655398E-01  6.59786555E-01
      -1       1     307    1.00000000E+00 -8.00202898E-01  5.83169493E-01  1.39959509E-01
      -1       1     308    1.00000000E+00 -9.79562971E-01  1.74377186E-01 -1.00244619E-01
      -1       1     309    1.00000000E+00 -4.91399293E-01  7.62768223E-01 -4.20370519E-01
      -1       1     310    1.00000000E+00 -9.46694352E-01  1.30815790E-01 -2.94375665E-01
      -1       1     311    1.00000000E+00 -5.20413092E-01 -7.34640320E-01 -4.35285899E-01
      -1       1     312    1.00000000E+00 -9.53243639E-01  2.30555885E-02 -3.01322095E-01
      -1       1     313    1.00000000E+00 -3.32508335E-01 -8.35711799E-01 -4.37062921E-01
      -1       1     314    1.00000000E+00 -9.68403476E-01  1.19876612E-01  2.18687689E-01
      -1       1     315    1.00000000E+00 -5.68743090E-01 -1.72939383E-01  8.04128887E-01
      -1       1     316    1.00000000E+00 -9.96495144E-01 -7.17534622E-02 -4.29984637E-02
      -1       1     317    1.00000000E+00 -5.96430273E-01  3.01553406E-01 -7.43865897E-01
      -1       1     318    1.00000000E+00 -3.15287444E-01  3.38000772E-01 -8.86763388E-01
      -1       1     319    1.00000000E+00 -9.69356640E-02  5.48860656E-01 -8.30274327E-01
      -1       1     320    1.00000000E+00 -9.53243639E-01  2.30555885E-02 -3.01322095E-01
      -1       1     321    1.00000000E+00 -5.67783898E-01  7.36672722E-01 -3.67334650E-01
      -1       1     322    1.00000000E+00 -6.56965493E-01  9.02411025E-02 -7.48500424E-01
      -1       1     323    1.00000000E+00 -9.70345684E-01 -2.41121853E-01 -1.70148360E-02
      -1       1     324    1.00000000E+00 -2.48181612E-02 -2.27419068E-01 -9.73480676E-01
      -1       1     325    1.00000000E+00  1.38326440E-01  8.98402278E-01 -4.16820276E-01
      -1       1     326    1.00000000E+00 -9.46694352E-01  1.30815790E-01 -2.94375665E-01
      -1       1     327    1.00000000E+00 -6.00996331E-02 -7.08874229E-02 -9.95672138E-01
      -1       1     328    1.00000000E+00 -9.53243639E-01  2.30555885E-02 -3.01322095E-01
      -1       1     329    1.00000000E+00 -3.32508335E-01 -8.35711799E-01 -4.37062921E-01
      -1       1     330    1.00000000E+00 -5.45863599E-01  6.48589209E-01 -5.30438469E-01
      -1       1     331    1.00000000E+00 -9.70345684E-01 -2.41121853E-01 -1.70148360E-02
      -1       1     332    1.00000000E+00 -2.48181612E-02 -2.27419068E-01 -9.73480676E-01
      -1       1     333    1.00000000E+00  1.38326440E-01  8.98402278E-01 -4.16820276E-01
      -1       1     334    1.00000000E+00 -4.09564878E-01 -6.08366699E-01 -6.79813629E-01
      -1       1     335    1.00000000E+00 -5.29224563E-01 -4.65693670E-01 -7.09260719E-01
      -1       1     336    1.00000000E+00 -9.53243639E-01  2.30555885E-02 -3.01322095E-01
      -1       1     337    1.00000000E+00 -3.32508335E-01 -8.35711799E-01 -4.37062921E-01
      -1       1     338    1.00000000E+00 -6.89452555E-01  1.96129559E-01 -6.97272092E-01
      -1       1     339    1.00000000E+00 -9.70345684E-01 -2.41121853E-01 -1.70148360E-02
      -1       1     340    1.00000000E+00 -2.48181612E-02 -2.27419068E-01 -9.73480676E-01
      -1       1     341    1.00000000E+00  3.04510640E-02  8.14864749E-01 -5.78850735E-01
      -1       1     342    1.00000000E+00 -9.46694352E-01  1.30815790E-01 -2.94375665E-01
      -1       1     343    1.00000000E+00  1.93466511E-01 -9.57065314E-02 -9.76427657E-01
      -1       1     344    1.00000000E+00 -9.53243639E-01  2.30555885E-02 -3.01322095E-01
      -1       1     345    1.00000000E+00 -3.97299145E-01 -4.06623633E-01 -8.22685001E-01
      -1       1     346    1.00000000E+00  1.13813286E-02  4.29919454E-01 -9.02795507E-01
      -1       1     347    1.00000000E+00 -8.90849452E-01 -1.70692358E-01 -4.21012319E-01
      -1       1     348    1.00000000E+00 -7.24038626E-01  5.11274450E-01 -4.62997306E-01
      -1       1     349    1.00000000E+00 -6.54458321E-01  5.24147556E-01 -5.44934533E-01
      -1       1     350    1.00000000E+00 -9.46694352E-01  1.30815790E-01 -2.94375665E-01
      -1       1     351    1.00000000E+00  5.17211754E-01 -4.89669619E-01 -7.01937081E-01
      -1       1     352    1.00000000E+00 -9.53243639E-01  2.30555885E-02 -3.01322095E-01
      -1       1     353    1.00000000E+00 -3.32508335E-01 -8.35711799E-01 -4.37062921E-01
      -1       1     354    1.00000000E+00 -6.87907273E-01  2.35727215E-01 -6.86451939E-01
      -1       1     355    1.00000000E+00 -9.70345684E-01 -2.41121853E-01 -1.70148360E-02
      -1       1     356    1.00000000E+00 -7.74648051E-01 -1.25014435E-01 -6.19912726E-01
      -1       1     357    1.00000000E+00 -7.34767127E-01  3.94293701E-01 -5.51950855E-01
      -1       1     358    1.00000000E+00 -9.46694352E-01  1.30815790E-01 -2.94375665E-01
      -1       1     359    1.00000000E+00  7.73344369E-01 -1.49812950E-01 -6.16031303E-01
      -1       1     360    1.00000000E+00 -9.53243639E-01  2.30555885E-02 -3.01322095E-01
      -1       1     361    1.00000000E+00 -6.03116315E-01 -4.60790339E-01 -6.51093676E-01
      -1       1     362    1.00000000E+00 -5.39916260E-01  3.03415689E-01 -7.85130149E-01
      -1       1     363    1.00000000E+00 -5.68743090E-01 -1.72939383E-01  8.04128887E-01
      -1       1     364    1.00000000E+00 -9.97025978E-01 -6.55497688E-02  4.05268731E-02
      -1       1     365    1.00000000E+00 -6.39867083E-01  3.60037489E-01 -6.78927922E-01
      -1       1     366    1.00000000E+00 -9.46694352E-01  1.30815790E-01 -2.94375665E-01
      -1       1     367    1.00000000E+00 -1.25406988E-01 -7.17695707E-02 -9.89506046E-01
      -1       1     368    1.00000000E+00 -9.53243639E-01  2.30555885E-02 -3.01322095E-01
      -1       1     369    1.00000000E+00 -3.61885887E-01 -1.98001332E-01 -9.10952291E-01
      -1       1     370    1.00000000E+00 -6.91885638E-01 -6.81397769E-02 -7.18784554E-01
      -1       1     371    1.00000000E+00 -9.70345684E-01 -2.41121853E-01 -1.70148360E-02
      -1       1     372    1.00000000E+00 -9.64937820E-01  1.22864769E-01 -2.31946659E-01
      -1       1     373    1.00000000E+00 -8.16287555E-01  6.21529964E-02 -5.74292289E-01
      -1       1     374    1.00000000E+00 -9.46694352E-01  1.30815790E-01 -2.94375665E-01
      -1       1     375    1.00000000E+00  1.61352268E-01  2.10130680E-01 -9.64266842E-01
      -1       1     376    1.00000000E+00 -9.53243639E-01  2.30555885E-02 -3.01322095E-01
      -1       1     377    1.00000000E+00 -4.85890732E-01 -2.35401680E-01 -8.41722191E-01
      -1       1     378    1.00000000E+00 -8.07484603E-01  2.06172933E-01 -5.52685568E-01
      -1       1     379    1.00000000E+00 -9.70345684E-01 -2.41121853E-01 -1.70148360E-02
      -1       1     380    1.00000000E+00 -2.48181612E-02 -2.27419068E-01 -9.73480676E-01
      -1       1     381    1.00000000E+00 -7.37403847E-01  4.17914867E-01 -5.30643695E-01
      -1       1     382    1.00000000E+00 -9.46694352E-01  1.30815790E-01 -2.94375665E-01
      -1       1     383    1.00000000E+00 -3.07302058E-01 -1.36821781E-01 -9.41724612E-01
      -1       1     384    1.00000000E+00 -9.53243639E-01  2.30555885E-02 -3.01322095E-01
      -1       1     385    1.00000000E+00 -6.77259021E-01  6.05109856E-01 -4.18523931E-01
      -1       1     386    1.00000000E+00 -8.38867093E-01  5.62742627E-02 -5.41419622E-01
      -1       1     387    1.00000000E+00 -9.70345684E-01 -2.41121853E-01 -1.70148360E-02
      -1       1     388    1.00000000E+00 -2.48181612E-02 -2.27419068E-01 -9.73480676E-01
      -1       1     389    1.00000000E+00  1.38326440E-01  8.98402278E-01 -4.16820276E-01
      -1       1     390    1.00000000E+00 -4.09564878E-01 -6.08366699E-01 -6.79813629E-01
      -1       1     391    1.00000000E+00 -1.80635194E-01 -5.89946476E-01 -7.86977815E-01
      -1       1     392    1.00000000E+00 -9.53243639E-01  2.30555885E-02 -3.01322095E-01
      -1       1     393    1.00000000E+00 -3.34223985E-01  2.31602384E-01 -9.13594365E-01
      -1       1     394    1.00000000E+00 -8.46156406E-01  1.27320203E-01 -5.17502563E-01
      -1       1     395    1.00000000E+00 -9.70345684E-01 -2.41121853E-01 -1.70148360E-02
      -1       1     396    1.00000000E+00 -3.19247006E-01  6.78207988E-01 -6.61902767E-01
      -1       1     397    1.00000000E+00  1.38326440E-01  8.98402278E-01 -4.16820276E-01
      -1       1     398    1.00000000E+00 -4.09564878E-01 -6.08366699E-01 -6.79813629E-01
      -1       1     399    1.00000000E+00 -2.66802388E-02 -7.18489184E-01 -6.95026228E-01
      -1       1     400    1.00000000E+00 -9.53243639E-01  2.30555885E-02 -3.01322095E-01
      -1       1     401    1.00000000E+00 -3.32508335E-01 -8.35711799E-01 -4.37062921E-01
      -1       1     402    1.00000000E+00 -3.50711569E-01  2.55491282E-01 -9.00958157E-01
      -1       1     403    1.00000000E+00 -9.70345684E-01 -2.41121853E-01 -1.70148360E-02
      -1       1     404    1.00000000E+00 -3.15064720E-01  4.61750084E-01 -8.29168910E-01
      -1       1     405    1.00000000E+00  1.38326440E-01  8.98402278E-01 -4.16820276E-01
      -1       1     406    1.00000000E+00 -9.46694352E-01  1.30815790E-01 -2.94375665E-01
      -1       1     407    1.00000000E+00  5.79184856E-02  5.87052879E-02 -9.96593768E-01
      -1       1     408    1.00000000E+00 -8.13008850E-01 -2.59548590E-01 -5.21201631E-01
      -1       1     409    1.00000000E+00 -2.60273663E-01 -1.85000424E-01 -9.47645748E-01
      -1       1     410    1.00000000E+00 -4.67544320E-01  1.39289707E-01 -8.72926507E-01
      -1       1     411    1.00000000E+00 -9.70345684E-01 -2.41121853E-01 -1.70148360E-02
      -1       1     412    1.00000000E+00 -7.62326957E-01  3.23201521E-01 -5.60712392E-01
      -1       1     413    1.00000000E+00 -5.53083072E-01  2.94447029E-01 -7.79358751E-01
      -1       1     414    1.00000000E+00 -9.46694352E-01  1.30815790E-01 -2.94375665E-01
      -1       1     415    1.00000000E+00  4.35650694E-01 -4.11486467E-01 -8.00554408E-01
      -1       1     416    1.00000000E+00 -9.53243639E-01  2.30555885E-02 -3.01322095E-01
      -1       1     417    1.00000000E+00 -7.54361872E-01 -1.77912302E-02 -6.56217676E-01
      -1       1     418    1.00000000E+00 -6.12853975E-01  1.60413305E-01 -7.73742578E-01
      -1       1     419    1.00000000E+00 -9.70345684E-01 -2.41121853E-01 -1.70148360E-02
      -1       1     420    1.00000000E+00 -8.75940539E-01  2.91596564E-01 -3.84317079E-01
      -1       1     421    1.00000000E+00 -9.19279755E-01 -6.66660551E-02 -3.87917993E-01
      -1       1     422    1.00000000E+00 -9.46694352E-01  1.30815790E-01 -2.94375665E-01
      -1       1     423    1.00000000E+00 -2.06401168E-01 -7.42047785E-01 -6.37780246E-01
      -1       1     424    1.00000000E+00 -9.53243639E-01  2.30555885E-02 -3.01322095E-01
      -1       1     425    1.00000000E+00 -2.05335999E-01 -1.37094140E-01 -9.69041962E-01
      -1       1     426    1.00000000E+00 -7.00300040E-01  6.64551877E-02 -7.10748593E-01
      -1       1     427    1.00000000E+00 -5.68743090E-01 -1.72939383E-01  8.04128887E-01
      -1       1     428    1.00000000E+00 -2.48181612E-02 -2.27419068E-01 -9.73480676E-01
      -1       1     429    1.00000000E+00 -6.03538218E-01  1.95449650E-01 -7.73007797E-01
      -1       1     430    1.00000000E+00 -9.46694352E-01  1.30815790E-01 -2.94375665E-01
      -1       1     431    1.00000000E+00 -3.64901429E-02  5.59020872E-01 -8.28350248E-01
      -1       1     432    1.00000000E+00 -9.53243639E-01  2.30555885E-02 -3.01322095E-01
      -1       1     433    1.00000000E+00 -4.91689664E-01 -5.25582887E-02 -8.69182893E-01
      -1       1     434    1.00000000E+00 -5.34964522E-01  2.77925832E-01 -7.97853490E-01
      -1       1     435    1.00000000E+00 -5.68743090E-01 -1.72939383E-01  8.04128887E-01
      -1       1     436    1.00000000E+00 -6.53009286E-01  5.06233809E-01 -5.63299390E-01
      -1       1     437    1.00000000E+00  1.38326440E-01  8.98402278E-01 -4.16820276E-01
      -1       1     438    1.00000000E+00 -4.09564878E-01 -6.08366699E-01 -6.79813629E-01
      -1       1     439    1.00000000E+00  2.33000647E-02  6.82367315E-01 -7.30638046E-01
      -1       1     440    1.00000000E+00 -9.53243639E-01  2.30555885E-02 -3.01322095E-01
      -1       1     441    1.00000000E+00 -2.38734889E-01 -1.94152203E-01 -9.51478100E-01
      -1       1     442    1.00000000E+00 -5.50395903E-01  7.83194354E-01 -2.89259321E-01
      -1       1     443    1.00000000E+00 -9.70345684E-01 -2.41121853E-01 -1.70148360E-02
      -1       1     444    1.00000000E+00 -2.48181612E-02 -2.27419068E-01 -9.73480676E-01
      -1       1     445    1.00000000E+00  1.38326440E-01  8.98402278E-01 -4.16820276E-01
      -1       1     446    1.00000000E+00 -9.46694352E-01  1.30815790E-01 -2.94375665E-01
      -1       1     447    1.00000000E+00  3.07687980E-01 -1.46439201E-01 -9.40150875E-01
      -1       1     448    1.00000000E+00 -1.20306665E-01  7.16380441E-01 -6.87259317E-01
      -1       1     449    1.00000000E+00 -2.45774315E-01 -1.06134770E-01 -9.63499038E-01
      -1       1     450    1.00000000E+00 -5.99946662E-01 -5.49211126E-01 -5.81748349E-01
      -1       1     451    1.00000000E+00 -9.70345684E-01 -2.41121853E-01 -1.70148360E-02
      -1       1     452    1.00000000E+00 -2.48181612E-02 -2.27419068E-01 -9.73480676E-01
      -1       1     453    1.00000000E+00 -5.52903405E-01  4.50454614E-01 -7.00991059E-01
      -1       1     454    1.00000000E+00 -4.09564878E-01 -6.08366699E-01 -6.79813629E-01
      -1       1     455    1.00000000E+00 -1.31832100E-01 -1.54935750E-01 -9.79088970E-01
      -1       1     456    1.00000000E+00 -1.20306665E-01  7.16380441E-01 -6.87259317E-01
      -1       1     457    1.00000000E+00 -1.70795189E-01  4.09951358E-01 -8.95973709E-01
      -1       1     458    1.00000000E+00 -8.57999340E-01 -2.89157984E-01 -4.24528907E-01
      -1       1     459    1.00000000E+00 -9.70345684E-01 -2.41121853E-01 -1.70148360E-02
      -1       1     460    1.00000000E+00 -6.51664526E-01  4.53410851E-01 -6.08072319E-01
      -1       1     461    1.00000000E+00 -6.17325564E-01 -1.33593127E-01 -7.75281900E-01
      -1       1     462    1.00000000E+00 -9.46694352E-01  1.30815790E-01 -2.94375665E-01
      -1       1     463    1.00000000E+00 -6.58762995E-01  2.13222248E-01 -7.21503700E-01
      -1       1     464    1.00000000E+00 -1.20306665E-01  7.16380441E-01 -6.87259317E-01
      -1       1     465    1.00000000E+00 -5.17915397E-02 -1.45965706E-01 -9.87933019E-01
      -1       1     466    1.00000000E+00 -6.54159170E-01  5.44921836E-01 -5.24534053E-01
      -1       1     467    1.00000000E+00 -8.00202898E-01  5.83169493E-01  1.39959509E-01
      -1       1     468    1.00000000E+00 -8.09025743E-01  5.45088799E-01 -2.19898949E-01
      -1       1     469    1.00000000E+00 -8.04842878E-01  2.66742753E-01 -5.30166243E-01
      -1       1     470    1.00000000E+00 -9.46694352E-01  1.30815790E-01 -2.94375665E-01
      -1       1     471    1.00000000E+00 -1.98928649E-01 -5.85969810E-03 -9.79996457E-01
      -1       1     472    1.00000000E+00 -9.53243639E-01  2.30555885E-02 -3.01322095E-01
      -1       1     473    1.00000000E+00 -4.91128068E-01  1.16761863E-01 -8.63226441E-01
      -1       1     474    1.00000000E+00 -4.81189012E-01  2.86613223E-01 -8.28438286E-01
      -1       1     475    1.00000000E+00 -9.70345684E-01 -2.41121853E-01 -1.70148360E-02
      -1       1     476    1.00000000E+00 -2.48181612E-02 -2.27419068E-01 -9.73480676E-01
      -1       1     477    1.00000000E+00  1.38326440E-01  8.98402278E-01 -4.16820276E-01
      -1       1     478    1.00000000E+00 -1.26674961E-01  1.04086182E-01 -9.86468206E-01
      -1       1     479    1.00000000E+00 -3.87624805E-01 -3.79940448E-01 -8.39876340E-01
      -1       1     480    1.00000000E+00 -9.53243639E-01  2.30555885E-02 -3.01322095E-01
      -1       1     481    1.00000000E+00 -2.13321452E-01 -2.33898442E-01 -9.48570228E-01
      -1       1     482    1.00000000E+00 -5.80743071E-01  5.23204102E-01 -6.23694599E-01
      -1       1     483    1.00000000E+00 -5.68743090E-01 -1.72939383E-01  8.04128887E-01
      -1       1     484    1.00000000E+00 -7.79265548E-01  6.08959390E-01 -1.48032653E-01
      -1       1     485    1.00000000E+00  1.38326440E-01  8.98402278E-01 -4.16820276E-01
      -1       1     486    1.00000000E+00 -4.29157219E-01  2.02871444E-01 -8.80151838E-01
      -1       1     487    1.00000000E+00 -1.77002921E-01 -6.83044174E-01 -7.08604701E-01
      -1       1     488    1.00000000E+00 -9.53243639E-01  2.30555885E-02 -3.01322095E-01
      -1       1     489    1.00000000E+00 -3.32508335E-01 -8.35711799E-01 -4.37062921E-01
      -1       1     490    1.00000000E+00 -6.74696708E-01  6.39845814E-01 -3.67942505E-01
      -1       1     491    1.00000000E+00 -9.70345684E-01 -2.41121853E-01 -1.70148360E-02
      -1       1     492    1.00000000E+00 -9.06474768E-01  3.50393259E-01 -2.35643924E-01
      -1       1     493    1.00000000E+00 -7.54018382E-01  4.95000746E-01 -4.31776032E-01
      -1       1     494    1.00000000E+00 -9.46694352E-01  1.30815790E-01 -2.94375665E-01
      -1       1     495    1.00000000E+00 -4.02039289E-01  6.91973187E-03 -9.15596269E-01
      -1       1     496    1.00000000E+00 -9.53243639E-01  2.30555885E-02 -3.01322095E-01
      -1       1     497    1.00000000E+00 -3.41567587E-01 -1.36765302E-01 -9.29853126E-01
      -1       1     498    1.00000000E+00 -5.24386409E-01  3.87336558E-01 -7.58280479E-01
      -1       1     499    1.00000000E+00 -9.70345684E-01 -2.41121853E-01 -1.70148360E-02
      -1       1     500    1.00000000E+00 -9.35738446E-01  2.51150500E-01 -2.47622670E-01
      -1       1     501    1.00000000E+00 -6.84101166E-01  3.47651529E-01 -6.41205122E-01
      -1       1     502    1.00000000E+00 -4.09564878E-01 -6.08366699E-01 -6.79813629E-01
      -1       1     503    1.00000000E+00 -2.29700648E-01 -3.75511398E-02 -9.72536644E-01
      -1       1     504    1.00000000E+00 -1.20306665E-01  7.16380441E-01 -6.87259317E-01
      -1       1     505    1.00000000E+00 -3.68873358E-01  1.96640505E-01 -9.08440949E-01
      -1       1     506    1.00000000E+00 -4.13464649E-01  2.42740613E-01 -8.77567079E-01
      -1       1     507    1.00000000E+00 -9.70345684E-01 -2.41121853E-01 -1.70148360E-02
      -1       1     508    1.00000000E+00 -2.48181612E-02 -2.27419068E-01 -9.73480676E-01
      -1       1     509    1.00000000E+00  1.38326440E-01  8.98402278E-01 -4.16820276E-01
      -1       1     510    1.00000000E+00 -4.09564878E-01 -6.08366699E-01 -6.79813629E-01
      -1       1     511    1.00000000E+00 -1.14844248E-02  3.82478961E-01 -9.23892825E-01
      -1       1     512    1.00000000E+00 -1.20306665E-01  7.16380441E-01 -6.87259317E-01
